#! /c/Source/iverilog-install/bin/vvp
:ivl_version "12.0 (devel)" "(s20150603-1539-g2693dd32b)";
:ivl_delay_selection "TYPICAL";
:vpi_time_precision - 12;
:vpi_module "C:\iverilog\lib\ivl\system.vpi";
:vpi_module "C:\iverilog\lib\ivl\vhdl_sys.vpi";
:vpi_module "C:\iverilog\lib\ivl\vhdl_textio.vpi";
:vpi_module "C:\iverilog\lib\ivl\v2005_math.vpi";
:vpi_module "C:\iverilog\lib\ivl\va_math.vpi";
:vpi_module "C:\iverilog\lib\ivl\v2009.vpi";
S_0000022b3bed30e0 .scope package, "$unit" "$unit" 2 1;
 .timescale 0 0;
S_0000022b3bebd3c0 .scope package, "alu_pkg" "alu_pkg" 3 2;
 .timescale 0 0;
enum0000022b3bec4940 .enum4 (4)
   "ALU_ADD" 4'b0000,
   "ALU_SUB" 4'b0001,
   "ALU_AND" 4'b0010,
   "ALU_OR" 4'b0011,
   "ALU_XOR" 4'b0100,
   "ALU_SLT" 4'b0101,
   "ALU_SLL" 4'b0110,
   "ALU_SRL" 4'b0111,
   "ALU_NOT" 4'b1000
 ;
S_0000022b3bebd550 .scope module, "tb_alu32" "tb_alu32" 4 5;
 .timescale -9 -12;
v0000022b3bf25d80_0 .var "a", 31 0;
v0000022b3bf25e20_0 .var "b", 31 0;
v0000022b3bf25ec0_0 .net "c", 0 0, v0000022b3bebd6e0_0;  1 drivers
v0000022b3bf25f60_0 .net "n", 0 0, v0000022b3bebd780_0;  1 drivers
v0000022b3bf264b0_0 .var "op", 3 0;
v0000022b3bf267d0_0 .var "op_raw", 3 0;
v0000022b3bf26550_0 .net "v", 0 0, v0000022b3bf25ba0_0;  1 drivers
v0000022b3bf26f50_0 .net "y", 31 0, v0000022b3bf25c40_0;  1 drivers
v0000022b3bf265f0_0 .net "z", 0 0, v0000022b3bf25ce0_0;  1 drivers
S_0000022b3beb5d30 .scope task, "check" "check" 4 19, 4 19 0, S_0000022b3bebd550;
 .timescale -9 -12;
v0000022b3bed3270_0 .var "exp", 31 0;
TD_tb_alu32.check ;
    %load/vec4 v0000022b3bf26f50_0;
    %load/vec4 v0000022b3bed3270_0;
    %cmp/ne;
    %jmp/0xz  T_0.0, 6;
    %vpi_call/w 4 23 "$display", "ERROR: a=%h b=%h op=%0d y=%h exp=%h", v0000022b3bf25d80_0, v0000022b3bf25e20_0, v0000022b3bf264b0_0, v0000022b3bf26f50_0, v0000022b3bed3270_0 {0 0 0};
    %vpi_call/w 4 24 "$finish" {0 0 0};
T_0.0 ;
    %end;
S_0000022b3beb5ec0 .scope module, "dut" "alu32" 4 14, 5 5 0, S_0000022b3bebd550;
 .timescale -9 -12;
    .port_info 0 /INPUT 32 "a";
    .port_info 1 /INPUT 32 "b";
    .port_info 2 /INPUT 4 "op";
    .port_info 3 /OUTPUT 32 "y";
    .port_info 4 /OUTPUT 1 "z";
    .port_info 5 /OUTPUT 1 "n";
    .port_info 6 /OUTPUT 1 "c";
    .port_info 7 /OUTPUT 1 "v";
v0000022b3beb6050_0 .net "a", 31 0, v0000022b3bf25d80_0;  1 drivers
v0000022b3beb60f0_0 .net "b", 31 0, v0000022b3bf25e20_0;  1 drivers
v0000022b3bebd6e0_0 .var "c", 0 0;
v0000022b3bebd780_0 .var "n", 0 0;
v0000022b3bf25a60_0 .net "op", 3 0, v0000022b3bf264b0_0;  1 drivers
v0000022b3bf25b00_0 .var "tmp", 32 0;
v0000022b3bf25ba0_0 .var "v", 0 0;
v0000022b3bf25c40_0 .var "y", 31 0;
v0000022b3bf25ce0_0 .var "z", 0 0;
E_0000022b3bece0f0 .event anyedge, v0000022b3bf25c40_0;
E_0000022b3becf030/0 .event anyedge, v0000022b3bf25a60_0, v0000022b3beb6050_0, v0000022b3beb60f0_0, v0000022b3bf25b00_0;
E_0000022b3becf030/1 .event anyedge, v0000022b3bf25c40_0;
E_0000022b3becf030 .event/or E_0000022b3becf030/0, E_0000022b3becf030/1;
    .scope S_0000022b3beb5ec0;
T_1 ;
    %wait E_0000022b3becf030;
    %pushi/vec4 0, 0, 32;
    %store/vec4 v0000022b3bf25c40_0, 0, 32;
    %pushi/vec4 0, 0, 1;
    %store/vec4 v0000022b3bebd6e0_0, 0, 1;
    %pushi/vec4 0, 0, 1;
    %store/vec4 v0000022b3bf25ba0_0, 0, 1;
    %load/vec4 v0000022b3bf25a60_0;
    %dup/vec4;
    %pushi/vec4 0, 0, 4;
    %cmp/u;
    %jmp/1 T_1.0, 6;
    %dup/vec4;
    %pushi/vec4 1, 0, 4;
    %cmp/u;
    %jmp/1 T_1.1, 6;
    %dup/vec4;
    %pushi/vec4 2, 0, 4;
    %cmp/u;
    %jmp/1 T_1.2, 6;
    %dup/vec4;
    %pushi/vec4 3, 0, 4;
    %cmp/u;
    %jmp/1 T_1.3, 6;
    %dup/vec4;
    %pushi/vec4 4, 0, 4;
    %cmp/u;
    %jmp/1 T_1.4, 6;
    %dup/vec4;
    %pushi/vec4 8, 0, 4;
    %cmp/u;
    %jmp/1 T_1.5, 6;
    %dup/vec4;
    %pushi/vec4 5, 0, 4;
    %cmp/u;
    %jmp/1 T_1.6, 6;
    %dup/vec4;
    %pushi/vec4 6, 0, 4;
    %cmp/u;
    %jmp/1 T_1.7, 6;
    %dup/vec4;
    %pushi/vec4 7, 0, 4;
    %cmp/u;
    %jmp/1 T_1.8, 6;
    %pushi/vec4 0, 0, 32;
    %store/vec4 v0000022b3bf25c40_0, 0, 32;
    %jmp T_1.10;
T_1.0 ;
    %pushi/vec4 0, 0, 1;
    %load/vec4 v0000022b3beb6050_0;
    %concat/vec4; draw_concat_vec4
    %pushi/vec4 0, 0, 1;
    %load/vec4 v0000022b3beb60f0_0;
    %concat/vec4; draw_concat_vec4
    %add;
    %store/vec4 v0000022b3bf25b00_0, 0, 33;
    %load/vec4 v0000022b3bf25b00_0;
    %parti/s 32, 0, 2;
    %store/vec4 v0000022b3bf25c40_0, 0, 32;
    %load/vec4 v0000022b3bf25b00_0;
    %parti/s 1, 32, 7;
    %store/vec4 v0000022b3bebd6e0_0, 0, 1;
    %load/vec4 v0000022b3beb6050_0;
    %parti/s 1, 31, 6;
    %load/vec4 v0000022b3beb60f0_0;
    %parti/s 1, 31, 6;
    %xor;
    %inv;
    %load/vec4 v0000022b3bf25c40_0;
    %parti/s 1, 31, 6;
    %load/vec4 v0000022b3beb6050_0;
    %parti/s 1, 31, 6;
    %xor;
    %and;
    %store/vec4 v0000022b3bf25ba0_0, 0, 1;
    %jmp T_1.10;
T_1.1 ;
    %pushi/vec4 0, 0, 1;
    %load/vec4 v0000022b3beb6050_0;
    %concat/vec4; draw_concat_vec4
    %pushi/vec4 0, 0, 1;
    %load/vec4 v0000022b3beb60f0_0;
    %concat/vec4; draw_concat_vec4
    %sub;
    %store/vec4 v0000022b3bf25b00_0, 0, 33;
    %load/vec4 v0000022b3bf25b00_0;
    %parti/s 32, 0, 2;
    %store/vec4 v0000022b3bf25c40_0, 0, 32;
    %load/vec4 v0000022b3bf25b00_0;
    %parti/s 1, 32, 7;
    %inv;
    %store/vec4 v0000022b3bebd6e0_0, 0, 1;
    %load/vec4 v0000022b3beb6050_0;
    %parti/s 1, 31, 6;
    %load/vec4 v0000022b3beb60f0_0;
    %parti/s 1, 31, 6;
    %xor;
    %load/vec4 v0000022b3bf25c40_0;
    %parti/s 1, 31, 6;
    %load/vec4 v0000022b3beb6050_0;
    %parti/s 1, 31, 6;
    %xor;
    %and;
    %store/vec4 v0000022b3bf25ba0_0, 0, 1;
    %jmp T_1.10;
T_1.2 ;
    %load/vec4 v0000022b3beb6050_0;
    %load/vec4 v0000022b3beb60f0_0;
    %and;
    %store/vec4 v0000022b3bf25c40_0, 0, 32;
    %jmp T_1.10;
T_1.3 ;
    %load/vec4 v0000022b3beb6050_0;
    %load/vec4 v0000022b3beb60f0_0;
    %or;
    %store/vec4 v0000022b3bf25c40_0, 0, 32;
    %jmp T_1.10;
T_1.4 ;
    %load/vec4 v0000022b3beb6050_0;
    %load/vec4 v0000022b3beb60f0_0;
    %xor;
    %store/vec4 v0000022b3bf25c40_0, 0, 32;
    %jmp T_1.10;
T_1.5 ;
    %load/vec4 v0000022b3beb6050_0;
    %inv;
    %store/vec4 v0000022b3bf25c40_0, 0, 32;
    %jmp T_1.10;
T_1.6 ;
    %load/vec4 v0000022b3beb6050_0;
    %load/vec4 v0000022b3beb60f0_0;
    %cmp/s;
    %flag_mov 8, 5;
    %jmp/0 T_1.11, 8;
    %pushi/vec4 1, 0, 32;
    %jmp/1 T_1.12, 8;
T_1.11 ; End of true expr.
    %pushi/vec4 0, 0, 32;
    %jmp/0 T_1.12, 8;
 ; End of false expr.
    %blend;
T_1.12;
    %store/vec4 v0000022b3bf25c40_0, 0, 32;
    %jmp T_1.10;
T_1.7 ;
    %load/vec4 v0000022b3beb6050_0;
    %load/vec4 v0000022b3beb60f0_0;
    %parti/s 5, 0, 2;
    %ix/vec4 4;
    %shiftl 4;
    %store/vec4 v0000022b3bf25c40_0, 0, 32;
    %jmp T_1.10;
T_1.8 ;
    %load/vec4 v0000022b3beb6050_0;
    %load/vec4 v0000022b3beb60f0_0;
    %parti/s 5, 0, 2;
    %ix/vec4 4;
    %shiftr 4;
    %store/vec4 v0000022b3bf25c40_0, 0, 32;
    %jmp T_1.10;
T_1.10 ;
    %pop/vec4 1;
    %jmp T_1;
    .thread T_1, $push;
    .scope S_0000022b3beb5ec0;
T_2 ;
    %wait E_0000022b3bece0f0;
    %load/vec4 v0000022b3bf25c40_0;
    %pushi/vec4 0, 0, 32;
    %cmp/e;
    %flag_get/vec4 4;
    %store/vec4 v0000022b3bf25ce0_0, 0, 1;
    %load/vec4 v0000022b3bf25c40_0;
    %parti/s 1, 31, 6;
    %store/vec4 v0000022b3bebd780_0, 0, 1;
    %jmp T_2;
    .thread T_2, $push;
    .scope S_0000022b3bebd550;
T_3 ;
    %vpi_call/w 4 33 "$dumpfile", "tb_alu32.vcd" {0 0 0};
    %vpi_call/w 4 34 "$dumpvars", 32'sb00000000000000000000000000000000, S_0000022b3bebd550 {0 0 0};
    %pushi/vec4 10, 0, 32;
    %store/vec4 v0000022b3bf25d80_0, 0, 32;
    %pushi/vec4 20, 0, 32;
    %store/vec4 v0000022b3bf25e20_0, 0, 32;
    %pushi/vec4 0, 0, 4;
    %store/vec4 v0000022b3bf264b0_0, 0, 4;
    %delay 1000, 0;
    %pushi/vec4 30, 0, 32;
    %store/vec4 v0000022b3bed3270_0, 0, 32;
    %fork TD_tb_alu32.check, S_0000022b3beb5d30;
    %join;
    %pushi/vec4 50, 0, 32;
    %store/vec4 v0000022b3bf25d80_0, 0, 32;
    %pushi/vec4 8, 0, 32;
    %store/vec4 v0000022b3bf25e20_0, 0, 32;
    %pushi/vec4 1, 0, 4;
    %store/vec4 v0000022b3bf264b0_0, 0, 4;
    %delay 1000, 0;
    %pushi/vec4 42, 0, 32;
    %store/vec4 v0000022b3bed3270_0, 0, 32;
    %fork TD_tb_alu32.check, S_0000022b3beb5d30;
    %join;
    %pushi/vec4 61680, 0, 32;
    %store/vec4 v0000022b3bf25d80_0, 0, 32;
    %pushi/vec4 4080, 0, 32;
    %store/vec4 v0000022b3bf25e20_0, 0, 32;
    %pushi/vec4 2, 0, 4;
    %store/vec4 v0000022b3bf264b0_0, 0, 4;
    %delay 1000, 0;
    %pushi/vec4 240, 0, 32;
    %store/vec4 v0000022b3bed3270_0, 0, 32;
    %fork TD_tb_alu32.check, S_0000022b3beb5d30;
    %join;
    %pushi/vec4 3, 0, 4;
    %store/vec4 v0000022b3bf264b0_0, 0, 4;
    %delay 1000, 0;
    %pushi/vec4 65520, 0, 32;
    %store/vec4 v0000022b3bed3270_0, 0, 32;
    %fork TD_tb_alu32.check, S_0000022b3beb5d30;
    %join;
    %pushi/vec4 4, 0, 4;
    %store/vec4 v0000022b3bf264b0_0, 0, 4;
    %delay 1000, 0;
    %pushi/vec4 65280, 0, 32;
    %store/vec4 v0000022b3bed3270_0, 0, 32;
    %fork TD_tb_alu32.check, S_0000022b3beb5d30;
    %join;
    %pushi/vec4 4294967291, 0, 32;
    %store/vec4 v0000022b3bf25d80_0, 0, 32;
    %pushi/vec4 3, 0, 32;
    %store/vec4 v0000022b3bf25e20_0, 0, 32;
    %pushi/vec4 5, 0, 4;
    %store/vec4 v0000022b3bf264b0_0, 0, 4;
    %delay 1000, 0;
    %pushi/vec4 1, 0, 32;
    %store/vec4 v0000022b3bed3270_0, 0, 32;
    %fork TD_tb_alu32.check, S_0000022b3beb5d30;
    %join;
    %pushi/vec4 100, 0, 32;
T_3.0 %dup/vec4;
    %pushi/vec4 0, 0, 32;
    %cmp/s;
    %jmp/1xz T_3.1, 5;
    %jmp/1 T_3.1, 4;
    %pushi/vec4 1, 0, 32;
    %sub;
    %vpi_func 4 62 "$random" 32 {0 0 0};
    %store/vec4 v0000022b3bf25d80_0, 0, 32;
    %vpi_func 4 63 "$random" 32 {0 0 0};
    %store/vec4 v0000022b3bf25e20_0, 0, 32;
    %vpi_func 4 64 "$random" 32 {0 0 0};
    %pushi/vec4 9, 0, 32;
    %mod/s;
    %pad/s 4;
    %store/vec4 v0000022b3bf267d0_0, 0, 4;
    %load/vec4 v0000022b3bf267d0_0;
    %store/vec4 v0000022b3bf264b0_0, 0, 4;
    %delay 1000, 0;
    %jmp T_3.0;
T_3.1 ;
    %pop/vec4 1;
    %vpi_call/w 4 69 "$display", "ALL TESTS PASSED." {0 0 0};
    %vpi_call/w 4 70 "$finish" {0 0 0};
    %end;
    .thread T_3;
# The file index is used to find the file name in the following table.
:file_names 6;
    "N/A";
    "<interactive>";
    "-";
    "alu_pkg.sv";
    "tb_alu32.sv";
    "alu32.sv";
